<?xml version="1.0" encoding="UTF-8"?>
<testng-results ignored="0" total="1" passed="1" failed="0" skipped="0">
  <reporter-output>
  </reporter-output>
  <suite started-at="2022-12-24T20:26:46 IST" name="Suite" finished-at="2022-12-24T20:26:51 IST" duration-ms="5341">
    <groups>
    </groups>
    <test started-at="2022-12-24T20:26:46 IST" name="Test" finished-at="2022-12-24T20:26:51 IST" duration-ms="5341">
      <class name="com.CRM.Dashboard.UI.DashboardTest">
        <test-method signature="OpenHomePage()[pri:0, instance:com.CRM.Dashboard.UI.DashboardTest@4f9a2c08]" started-at="2022-12-24T20:26:46 IST" name="OpenHomePage" finished-at="2022-12-24T20:26:51 IST" duration-ms="5003" status="PASS">
          <reporter-output>
          </reporter-output>
        </test-method> <!-- OpenHomePage -->
      </class> <!-- com.CRM.Dashboard.UI.DashboardTest -->
      <class name="com.CRM.webdrverutils.Set_Webdriver">
        <test-method is-config="true" signature="Setup_Webdriver()[pri:0, instance:com.CRM.webdrverutils.Set_Webdriver@74235045]" started-at="2022-12-24T20:26:29 IST" name="Setup_Webdriver" finished-at="2022-12-24T20:26:46 IST" duration-ms="16666" status="PASS">
          <reporter-output>
          </reporter-output>
        </test-method> <!-- Setup_Webdriver -->
      </class> <!-- com.CRM.webdrverutils.Set_Webdriver -->
    </test> <!-- Test -->
  </suite> <!-- Suite -->
</testng-results>
